[11-Sep-2025 08:00:30 America/New_York] PHP Warning:  ZipArchive::extractTo(../../usersc/templates/customizer/assets/css/customizers/001_userspice.php): Operation failed: Operation not permitted in /var/www/html/us5/users/parsers/downloader.php on line 124
[11-Sep-2025 08:00:30 America/New_York] PHP Warning:  ZipArchive::extractTo(../../usersc/templates/customizer/assets/css/customizers/002_colors_primary.php): Operation failed: Operation not permitted in /var/www/html/us5/users/parsers/downloader.php on line 124
[11-Sep-2025 08:00:30 America/New_York] PHP Warning:  ZipArchive::extractTo(../../usersc/templates/customizer/assets/css/customizers/003_colors_secondary.php): Operation failed: Operation not permitted in /var/www/html/us5/users/parsers/downloader.php on line 124
[11-Sep-2025 08:00:30 America/New_York] PHP Warning:  ZipArchive::extractTo(../../usersc/templates/customizer/assets/css/customizers/004_colors_success.php): Operation failed: Operation not permitted in /var/www/html/us5/users/parsers/downloader.php on line 124
[11-Sep-2025 08:00:30 America/New_York] PHP Warning:  ZipArchive::extractTo(../../usersc/templates/customizer/assets/css/customizers/005_colors_info.php): Operation failed: Operation not permitted in /var/www/html/us5/users/parsers/downloader.php on line 124
[11-Sep-2025 08:00:30 America/New_York] PHP Warning:  ZipArchive::extractTo(../../usersc/templates/customizer/assets/css/customizers/006_colors_warning.php): Operation failed: Operation not permitted in /var/www/html/us5/users/parsers/downloader.php on line 124
[11-Sep-2025 08:00:30 America/New_York] PHP Warning:  ZipArchive::extractTo(../../usersc/templates/customizer/assets/css/customizers/007_colors_danger.php): Operation failed: Operation not permitted in /var/www/html/us5/users/parsers/downloader.php on line 124
[11-Sep-2025 08:00:30 America/New_York] PHP Warning:  ZipArchive::extractTo(../../usersc/templates/customizer/assets/css/customizers/008_colors_light_and_dark.php): Operation failed: Operation not permitted in /var/www/html/us5/users/parsers/downloader.php on line 124
[11-Sep-2025 08:00:30 America/New_York] PHP Warning:  ZipArchive::extractTo(../../usersc/templates/customizer/assets/css/customizers/009_colors_general.php): Operation failed: Operation not permitted in /var/www/html/us5/users/parsers/downloader.php on line 124
[11-Sep-2025 08:00:30 America/New_York] PHP Warning:  ZipArchive::extractTo(../../usersc/templates/customizer/assets/css/customizers/010_typography.php): Operation failed: Operation not permitted in /var/www/html/us5/users/parsers/downloader.php on line 124
[11-Sep-2025 08:00:30 America/New_York] PHP Warning:  ZipArchive::extractTo(../../usersc/templates/customizer/assets/css/customizers/011_components.php): Operation failed: Operation not permitted in /var/www/html/us5/users/parsers/downloader.php on line 124
[11-Sep-2025 08:00:30 America/New_York] PHP Warning:  ZipArchive::extractTo(../../usersc/templates/customizer/assets/css/customizers/012_cards.php): Operation failed: Operation not permitted in /var/www/html/us5/users/parsers/downloader.php on line 124
[11-Sep-2025 08:00:30 America/New_York] PHP Warning:  ZipArchive::extractTo(../../usersc/templates/customizer/assets/css/customizers/013_forms.php): Operation failed: Operation not permitted in /var/www/html/us5/users/parsers/downloader.php on line 124
[11-Sep-2025 08:00:30 America/New_York] PHP Warning:  ZipArchive::extractTo(../../usersc/templates/customizer/assets/css/customizers/014_navbars.php): Operation failed: Operation not permitted in /var/www/html/us5/users/parsers/downloader.php on line 124
[11-Sep-2025 08:00:30 America/New_York] PHP Warning:  ZipArchive::extractTo(../../usersc/templates/customizer/assets/css/customizers/015_component_templates.php): Operation failed: Operation not permitted in /var/www/html/us5/users/parsers/downloader.php on line 124
[11-Sep-2025 08:00:30 America/New_York] PHP Warning:  ZipArchive::extractTo(../../usersc/templates/customizer/assets/css/customizers/999_custom.php): Operation failed: Operation not permitted in /var/www/html/us5/users/parsers/downloader.php on line 124
[11-Sep-2025 08:00:30 America/New_York] PHP Warning:  ZipArchive::extractTo(../../usersc/templates/customizer/assets/css/customizer_config.php): Operation failed: Operation not permitted in /var/www/html/us5/users/parsers/downloader.php on line 124
[11-Sep-2025 08:00:30 America/New_York] PHP Warning:  ZipArchive::extractTo(../../usersc/templates/customizer/assets/css/processor.php): Operation failed: Operation not permitted in /var/www/html/us5/users/parsers/downloader.php on line 124
[11-Sep-2025 08:00:30 America/New_York] PHP Warning:  ZipArchive::extractTo(../../usersc/templates/customizer/assets/defaults/dash.css): Operation failed: Operation not permitted in /var/www/html/us5/users/parsers/downloader.php on line 124
[11-Sep-2025 08:00:30 America/New_York] PHP Warning:  ZipArchive::extractTo(../../usersc/templates/customizer/assets/defaults/main.css): Operation failed: Operation not permitted in /var/www/html/us5/users/parsers/downloader.php on line 124
[11-Sep-2025 08:00:30 America/New_York] PHP Warning:  ZipArchive::extractTo(../../usersc/templates/customizer/assets/fonts/glyphicons-halflings-regular.eot): Operation failed: Operation not permitted in /var/www/html/us5/users/parsers/downloader.php on line 124
[11-Sep-2025 08:00:30 America/New_York] PHP Warning:  ZipArchive::extractTo(../../usersc/templates/customizer/assets/fonts/glyphicons-halflings-regular.svg): Operation failed: Operation not permitted in /var/www/html/us5/users/parsers/downloader.php on line 124
[11-Sep-2025 08:00:30 America/New_York] PHP Warning:  ZipArchive::extractTo(../../usersc/templates/customizer/assets/fonts/glyphicons-halflings-regular.ttf): Operation failed: Operation not permitted in /var/www/html/us5/users/parsers/downloader.php on line 124
[11-Sep-2025 08:00:30 America/New_York] PHP Warning:  ZipArchive::extractTo(../../usersc/templates/customizer/assets/fonts/glyphicons-halflings-regular.woff): Operation failed: Operation not permitted in /var/www/html/us5/users/parsers/downloader.php on line 124
[11-Sep-2025 08:00:30 America/New_York] PHP Warning:  ZipArchive::extractTo(../../usersc/templates/customizer/assets/fonts/glyphicons-halflings-regular.woff2): Operation failed: Operation not permitted in /var/www/html/us5/users/parsers/downloader.php on line 124
[11-Sep-2025 08:00:30 America/New_York] PHP Warning:  ZipArchive::extractTo(../../usersc/templates/customizer/assets/fonts/glyphicons.css): Operation failed: Operation not permitted in /var/www/html/us5/users/parsers/downloader.php on line 124
[11-Sep-2025 08:00:30 America/New_York] PHP Warning:  ZipArchive::extractTo(../../usersc/templates/customizer/assets/fonts/glyphicons.php): Operation failed: Operation not permitted in /var/www/html/us5/users/parsers/downloader.php on line 124
[11-Sep-2025 08:00:30 America/New_York] PHP Warning:  ZipArchive::extractTo(../../usersc/templates/customizer/assets/template_name.php): Operation failed: Operation not permitted in /var/www/html/us5/users/parsers/downloader.php on line 124
[11-Sep-2025 08:00:30 America/New_York] PHP Warning:  ZipArchive::extractTo(../../usersc/templates/customizer/assets/v2template.php): Operation failed: Operation not permitted in /var/www/html/us5/users/parsers/downloader.php on line 124
[11-Sep-2025 08:00:30 America/New_York] PHP Warning:  ZipArchive::extractTo(../../usersc/templates/customizer/container_close.php): Operation failed: Operation not permitted in /var/www/html/us5/users/parsers/downloader.php on line 124
[11-Sep-2025 08:00:30 America/New_York] PHP Warning:  ZipArchive::extractTo(../../usersc/templates/customizer/container_open.php): Operation failed: Operation not permitted in /var/www/html/us5/users/parsers/downloader.php on line 124
[11-Sep-2025 08:00:30 America/New_York] PHP Warning:  ZipArchive::extractTo(../../usersc/templates/customizer/customize.php): Operation failed: Operation not permitted in /var/www/html/us5/users/parsers/downloader.php on line 124
[11-Sep-2025 08:00:30 America/New_York] PHP Warning:  ZipArchive::extractTo(../../usersc/templates/customizer/file_nav.php): Operation failed: Operation not permitted in /var/www/html/us5/users/parsers/downloader.php on line 124
[11-Sep-2025 08:00:30 America/New_York] PHP Warning:  ZipArchive::extractTo(../../usersc/templates/customizer/footer.php): Operation failed: Operation not permitted in /var/www/html/us5/users/parsers/downloader.php on line 124
[11-Sep-2025 08:00:30 America/New_York] PHP Warning:  ZipArchive::extractTo(../../usersc/templates/customizer/header.php): Operation failed: Operation not permitted in /var/www/html/us5/users/parsers/downloader.php on line 124
[11-Sep-2025 08:00:30 America/New_York] PHP Warning:  ZipArchive::extractTo(../../usersc/templates/customizer/info.xml): Operation failed: Operation not permitted in /var/www/html/us5/users/parsers/downloader.php on line 124
[11-Sep-2025 08:00:30 America/New_York] PHP Warning:  ZipArchive::extractTo(../../usersc/templates/customizer/initialize.php): Operation failed: Operation not permitted in /var/www/html/us5/users/parsers/downloader.php on line 124
[11-Sep-2025 08:00:30 America/New_York] PHP Warning:  ZipArchive::extractTo(../../usersc/templates/customizer/navigation.php): Operation failed: Operation not permitted in /var/www/html/us5/users/parsers/downloader.php on line 124
[11-Sep-2025 08:00:30 America/New_York] PHP Warning:  ZipArchive::extractTo(../../usersc/templates/customizer/preview.php): Operation failed: Operation not permitted in /var/www/html/us5/users/parsers/downloader.php on line 124
[11-Sep-2025 08:00:30 America/New_York] PHP Warning:  ZipArchive::extractTo(../../usersc/templates/customizer/readme.txt): Operation failed: Operation not permitted in /var/www/html/us5/users/parsers/downloader.php on line 124
[11-Sep-2025 08:00:30 America/New_York] PHP Warning:  ZipArchive::extractTo(../../usersc/templates/customizer/thumbnail.jpg): Operation failed: Operation not permitted in /var/www/html/us5/users/parsers/downloader.php on line 124
